app/intermediates/manifest_merge_blame_file/debug/processDebugMainManifest/manifest-merger-blame-debug-report.txt
1<?xml version="1.0" encoding="utf-8"?>
2<manifest xmlns:android="http://schemas.android.com/apk/res/android"
3    package="com.example.houserent"
4    android:versionCode="1"
5    android:versionName="0.1" >
6
7    <uses-sdk
8        android:minSdkVersion="27"
9        android:targetSdkVersion="35" />
10
11    <uses-permission android:name="android.permission.INTERNET" />
11-->src\main\AndroidManifest.xml:6:5-67
11-->src\main\AndroidManifest.xml:6:22-64
12    <uses-permission android:name="android.permission.ACCESS_NETWORK_STATE" />
12-->src\main\AndroidManifest.xml:7:5-79
12-->src\main\AndroidManifest.xml:7:22-76
13    <uses-permission android:name="com.google.android.providers.gsf.permission.READ_GSERVICES" />
13-->[com.google.android.recaptcha:recaptcha:18.6.1] AndroidManifest.xml:9:5-98
13-->[com.google.android.recaptcha:recaptcha:18.6.1] AndroidManifest.xml:9:22-95
14
15    <permission
15-->[androidx.core:core:1.13.0] AndroidManifest.xml:22:5-24:47
16        android:name="com.example.houserent.DYNAMIC_RECEIVER_NOT_EXPORTED_PERMISSION"
16-->[androidx.core:core:1.13.0] AndroidManifest.xml:23:9-81
17        android:protectionLevel="signature" />
17-->[androidx.core:core:1.13.0] AndroidManifest.xml:24:9-44
18
19    <uses-permission android:name="com.example.houserent.DYNAMIC_RECEIVER_NOT_EXPORTED_PERMISSION" />
19-->[androidx.core:core:1.13.0] AndroidManifest.xml:26:5-97
19-->[androidx.core:core:1.13.0] AndroidManifest.xml:26:22-94
20
21    <application
21-->src\main\AndroidManifest.xml:9:5-67:19
22        android:allowBackup="true"
22-->src\main\AndroidManifest.xml:10:9-35
23        android:appComponentFactory="androidx.core.app.CoreComponentFactory"
23-->[androidx.core:core:1.13.0] AndroidManifest.xml:28:18-86
24        android:dataExtractionRules="@xml/data_extraction_rules"
24-->src\main\AndroidManifest.xml:11:9-65
25        android:debuggable="true"
26        android:extractNativeLibs="false"
27        android:fullBackupContent="@xml/backup_rules"
27-->src\main\AndroidManifest.xml:12:9-54
28        android:icon="@mipmap/ic_launcher"
28-->src\main\AndroidManifest.xml:13:9-43
29        android:label="@string/app_name"
29-->src\main\AndroidManifest.xml:14:9-41
30        android:roundIcon="@mipmap/ic_launcher_round"
30-->src\main\AndroidManifest.xml:15:9-54
31        android:supportsRtl="true"
31-->src\main\AndroidManifest.xml:16:9-35
32        android:testOnly="true"
33        android:theme="@style/Theme.HouseRentAppProject" >
33-->src\main\AndroidManifest.xml:17:9-57
34        <activity
34-->src\main\AndroidManifest.xml:19:9-21:40
35            android:name="com.example.houserent.act_directoryhouse"
35-->src\main\AndroidManifest.xml:20:13-47
36            android:exported="false" />
36-->src\main\AndroidManifest.xml:21:13-37
37        <activity
37-->src\main\AndroidManifest.xml:22:9-24:40
38            android:name="com.example.houserent.act_addhouse"
38-->src\main\AndroidManifest.xml:23:13-41
39            android:exported="false" />
39-->src\main\AndroidManifest.xml:24:13-37
40        <activity
40-->src\main\AndroidManifest.xml:25:9-27:40
41            android:name="com.example.houserent.act_adminAct"
41-->src\main\AndroidManifest.xml:26:13-41
42            android:exported="false" />
42-->src\main\AndroidManifest.xml:27:13-37
43        <activity
43-->src\main\AndroidManifest.xml:28:9-30:40
44            android:name="com.example.houserent.activity_reg_successful"
44-->src\main\AndroidManifest.xml:29:13-52
45            android:exported="false" />
45-->src\main\AndroidManifest.xml:30:13-37
46        <activity
46-->src\main\AndroidManifest.xml:31:9-33:40
47            android:name="com.example.houserent.activity_house_listing"
47-->src\main\AndroidManifest.xml:32:13-51
48            android:exported="false" />
48-->src\main\AndroidManifest.xml:33:13-37
49        <activity
49-->src\main\AndroidManifest.xml:34:9-36:40
50            android:name="com.example.houserent.activity_selectcity"
50-->src\main\AndroidManifest.xml:35:13-48
51            android:exported="false" />
51-->src\main\AndroidManifest.xml:36:13-37
52        <activity
52-->src\main\AndroidManifest.xml:37:9-39:40
53            android:name="com.example.houserent.activity_successful_google_signin"
53-->src\main\AndroidManifest.xml:38:13-62
54            android:exported="false" />
54-->src\main\AndroidManifest.xml:39:13-37
55        <activity
55-->src\main\AndroidManifest.xml:40:9-42:40
56            android:name="com.example.houserent.activity_neworexistinguser"
56-->src\main\AndroidManifest.xml:41:13-55
57            android:exported="false" />
57-->src\main\AndroidManifest.xml:42:13-37
58        <activity
58-->src\main\AndroidManifest.xml:43:9-45:40
59            android:name="com.example.houserent.activity_registration_user"
59-->src\main\AndroidManifest.xml:44:13-55
60            android:exported="false" />
60-->src\main\AndroidManifest.xml:45:13-37
61        <activity
61-->src\main\AndroidManifest.xml:46:9-48:40
62            android:name="com.example.houserent.activity_login_user"
62-->src\main\AndroidManifest.xml:47:13-48
63            android:exported="false" />
63-->src\main\AndroidManifest.xml:48:13-37
64        <activity
64-->src\main\AndroidManifest.xml:49:9-51:40
65            android:name="com.example.houserent.activity_login_admin"
65-->src\main\AndroidManifest.xml:50:13-49
66            android:exported="false" />
66-->src\main\AndroidManifest.xml:51:13-37
67        <activity
67-->src\main\AndroidManifest.xml:52:9-54:40
68            android:name="com.example.houserent.activity_typeofuser"
68-->src\main\AndroidManifest.xml:53:13-48
69            android:exported="false" />
69-->src\main\AndroidManifest.xml:54:13-37
70        <activity
70-->src\main\AndroidManifest.xml:55:9-63:20
71            android:name="com.example.houserent.splash_activity"
71-->src\main\AndroidManifest.xml:56:13-44
72            android:exported="true" >
72-->src\main\AndroidManifest.xml:57:13-36
73            <intent-filter>
73-->src\main\AndroidManifest.xml:58:13-62:29
74                <action android:name="android.intent.action.MAIN" />
74-->src\main\AndroidManifest.xml:59:17-69
74-->src\main\AndroidManifest.xml:59:25-66
75
76                <category android:name="android.intent.category.LAUNCHER" />
76-->src\main\AndroidManifest.xml:61:17-77
76-->src\main\AndroidManifest.xml:61:27-74
77            </intent-filter>
78        </activity>
79        <activity
79-->src\main\AndroidManifest.xml:64:9-66:39
80            android:name="com.example.houserent.MainActivity"
80-->src\main\AndroidManifest.xml:65:13-41
81            android:exported="true" />
81-->src\main\AndroidManifest.xml:66:13-36
82
83        <service
83-->[com.google.firebase:firebase-database:21.0.0] AndroidManifest.xml:26:9-35:19
84            android:name="com.google.firebase.components.ComponentDiscoveryService"
84-->[com.google.firebase:firebase-database:21.0.0] AndroidManifest.xml:27:13-84
85            android:directBootAware="true"
85-->[com.google.firebase:firebase-common:21.0.0] AndroidManifest.xml:32:13-43
86            android:exported="false" >
86-->[com.google.firebase:firebase-database:21.0.0] AndroidManifest.xml:28:13-37
87            <meta-data
87-->[com.google.firebase:firebase-database:21.0.0] AndroidManifest.xml:29:13-31:85
88                android:name="com.google.firebase.components:com.google.firebase.database.FirebaseDatabaseKtxRegistrar"
88-->[com.google.firebase:firebase-database:21.0.0] AndroidManifest.xml:30:17-120
89                android:value="com.google.firebase.components.ComponentRegistrar" />
89-->[com.google.firebase:firebase-database:21.0.0] AndroidManifest.xml:31:17-82
90            <meta-data
90-->[com.google.firebase:firebase-database:21.0.0] AndroidManifest.xml:32:13-34:85
91                android:name="com.google.firebase.components:com.google.firebase.database.DatabaseRegistrar"
91-->[com.google.firebase:firebase-database:21.0.0] AndroidManifest.xml:33:17-109
92                android:value="com.google.firebase.components.ComponentRegistrar" />
92-->[com.google.firebase:firebase-database:21.0.0] AndroidManifest.xml:34:17-82
93            <meta-data
93-->[com.google.firebase:firebase-auth:23.2.1] AndroidManifest.xml:69:13-71:85
94                android:name="com.google.firebase.components:com.google.firebase.auth.FirebaseAuthRegistrar"
94-->[com.google.firebase:firebase-auth:23.2.1] AndroidManifest.xml:70:17-109
95                android:value="com.google.firebase.components.ComponentRegistrar" />
95-->[com.google.firebase:firebase-auth:23.2.1] AndroidManifest.xml:71:17-82
96            <meta-data
96-->[com.google.firebase:firebase-common-ktx:21.0.0] AndroidManifest.xml:12:13-14:85
97                android:name="com.google.firebase.components:com.google.firebase.ktx.FirebaseCommonLegacyRegistrar"
97-->[com.google.firebase:firebase-common-ktx:21.0.0] AndroidManifest.xml:13:17-116
98                android:value="com.google.firebase.components.ComponentRegistrar" />
98-->[com.google.firebase:firebase-common-ktx:21.0.0] AndroidManifest.xml:14:17-82
99            <meta-data
99-->[com.google.firebase:firebase-common:21.0.0] AndroidManifest.xml:35:13-37:85
100                android:name="com.google.firebase.components:com.google.firebase.FirebaseCommonKtxRegistrar"
100-->[com.google.firebase:firebase-common:21.0.0] AndroidManifest.xml:36:17-109
101                android:value="com.google.firebase.components.ComponentRegistrar" />
101-->[com.google.firebase:firebase-common:21.0.0] AndroidManifest.xml:37:17-82
102        </service>
103
104        <activity
104-->[com.google.firebase:firebase-auth:23.2.1] AndroidManifest.xml:29:9-46:20
105            android:name="com.google.firebase.auth.internal.GenericIdpActivity"
105-->[com.google.firebase:firebase-auth:23.2.1] AndroidManifest.xml:30:13-80
106            android:excludeFromRecents="true"
106-->[com.google.firebase:firebase-auth:23.2.1] AndroidManifest.xml:31:13-46
107            android:exported="true"
107-->[com.google.firebase:firebase-auth:23.2.1] AndroidManifest.xml:32:13-36
108            android:launchMode="singleTask"
108-->[com.google.firebase:firebase-auth:23.2.1] AndroidManifest.xml:33:13-44
109            android:theme="@android:style/Theme.Translucent.NoTitleBar" >
109-->[com.google.firebase:firebase-auth:23.2.1] AndroidManifest.xml:34:13-72
110            <intent-filter>
110-->[com.google.firebase:firebase-auth:23.2.1] AndroidManifest.xml:35:13-45:29
111                <action android:name="android.intent.action.VIEW" />
111-->[com.google.firebase:firebase-auth:23.2.1] AndroidManifest.xml:36:17-69
111-->[com.google.firebase:firebase-auth:23.2.1] AndroidManifest.xml:36:25-66
112
113                <category android:name="android.intent.category.DEFAULT" />
113-->[com.google.firebase:firebase-auth:23.2.1] AndroidManifest.xml:38:17-76
113-->[com.google.firebase:firebase-auth:23.2.1] AndroidManifest.xml:38:27-73
114                <category android:name="android.intent.category.BROWSABLE" />
114-->[com.google.firebase:firebase-auth:23.2.1] AndroidManifest.xml:39:17-78
114-->[com.google.firebase:firebase-auth:23.2.1] AndroidManifest.xml:39:27-75
115
116                <data
116-->[com.google.firebase:firebase-auth:23.2.1] AndroidManifest.xml:41:17-44:51
117                    android:host="firebase.auth"
117-->[com.google.firebase:firebase-auth:23.2.1] AndroidManifest.xml:42:21-49
118                    android:path="/"
118-->[com.google.firebase:firebase-auth:23.2.1] AndroidManifest.xml:43:21-37
119                    android:scheme="genericidp" />
119-->[com.google.firebase:firebase-auth:23.2.1] AndroidManifest.xml:44:21-48
120            </intent-filter>
121        </activity>
122        <activity
122-->[com.google.firebase:firebase-auth:23.2.1] AndroidManifest.xml:47:9-64:20
123            android:name="com.google.firebase.auth.internal.RecaptchaActivity"
123-->[com.google.firebase:firebase-auth:23.2.1] AndroidManifest.xml:48:13-79
124            android:excludeFromRecents="true"
124-->[com.google.firebase:firebase-auth:23.2.1] AndroidManifest.xml:49:13-46
125            android:exported="true"
125-->[com.google.firebase:firebase-auth:23.2.1] AndroidManifest.xml:50:13-36
126            android:launchMode="singleTask"
126-->[com.google.firebase:firebase-auth:23.2.1] AndroidManifest.xml:51:13-44
127            android:theme="@android:style/Theme.Translucent.NoTitleBar" >
127-->[com.google.firebase:firebase-auth:23.2.1] AndroidManifest.xml:52:13-72
128            <intent-filter>
128-->[com.google.firebase:firebase-auth:23.2.1] AndroidManifest.xml:53:13-63:29
129                <action android:name="android.intent.action.VIEW" />
129-->[com.google.firebase:firebase-auth:23.2.1] AndroidManifest.xml:36:17-69
129-->[com.google.firebase:firebase-auth:23.2.1] AndroidManifest.xml:36:25-66
130
131                <category android:name="android.intent.category.DEFAULT" />
131-->[com.google.firebase:firebase-auth:23.2.1] AndroidManifest.xml:38:17-76
131-->[com.google.firebase:firebase-auth:23.2.1] AndroidManifest.xml:38:27-73
132                <category android:name="android.intent.category.BROWSABLE" />
132-->[com.google.firebase:firebase-auth:23.2.1] AndroidManifest.xml:39:17-78
132-->[com.google.firebase:firebase-auth:23.2.1] AndroidManifest.xml:39:27-75
133
134                <data
134-->[com.google.firebase:firebase-auth:23.2.1] AndroidManifest.xml:41:17-44:51
135                    android:host="firebase.auth"
135-->[com.google.firebase:firebase-auth:23.2.1] AndroidManifest.xml:42:21-49
136                    android:path="/"
136-->[com.google.firebase:firebase-auth:23.2.1] AndroidManifest.xml:43:21-37
137                    android:scheme="recaptcha" />
137-->[com.google.firebase:firebase-auth:23.2.1] AndroidManifest.xml:44:21-48
138            </intent-filter>
139        </activity>
140
141        <service
141-->[androidx.credentials:credentials-play-services-auth:1.2.0-rc01] AndroidManifest.xml:24:9-32:19
142            android:name="androidx.credentials.playservices.CredentialProviderMetadataHolder"
142-->[androidx.credentials:credentials-play-services-auth:1.2.0-rc01] AndroidManifest.xml:25:13-94
143            android:enabled="true"
143-->[androidx.credentials:credentials-play-services-auth:1.2.0-rc01] AndroidManifest.xml:26:13-35
144            android:exported="false" >
144-->[androidx.credentials:credentials-play-services-auth:1.2.0-rc01] AndroidManifest.xml:27:13-37
145            <meta-data
145-->[androidx.credentials:credentials-play-services-auth:1.2.0-rc01] AndroidManifest.xml:29:13-31:104
146                android:name="androidx.credentials.CREDENTIAL_PROVIDER_KEY"
146-->[androidx.credentials:credentials-play-services-auth:1.2.0-rc01] AndroidManifest.xml:30:17-76
147                android:value="androidx.credentials.playservices.CredentialProviderPlayServicesImpl" />
147-->[androidx.credentials:credentials-play-services-auth:1.2.0-rc01] AndroidManifest.xml:31:17-101
148        </service>
149
150        <activity
150-->[androidx.credentials:credentials-play-services-auth:1.2.0-rc01] AndroidManifest.xml:34:9-41:20
151            android:name="androidx.credentials.playservices.HiddenActivity"
151-->[androidx.credentials:credentials-play-services-auth:1.2.0-rc01] AndroidManifest.xml:35:13-76
152            android:configChanges="orientation|screenSize|screenLayout|keyboardHidden"
152-->[androidx.credentials:credentials-play-services-auth:1.2.0-rc01] AndroidManifest.xml:36:13-87
153            android:enabled="true"
153-->[androidx.credentials:credentials-play-services-auth:1.2.0-rc01] AndroidManifest.xml:37:13-35
154            android:exported="false"
154-->[androidx.credentials:credentials-play-services-auth:1.2.0-rc01] AndroidManifest.xml:38:13-37
155            android:fitsSystemWindows="true"
155-->[androidx.credentials:credentials-play-services-auth:1.2.0-rc01] AndroidManifest.xml:39:13-45
156            android:theme="@style/Theme.Hidden" >
156-->[androidx.credentials:credentials-play-services-auth:1.2.0-rc01] AndroidManifest.xml:40:13-48
157        </activity>
158        <activity
158-->[com.google.android.gms:play-services-auth:21.3.0] AndroidManifest.xml:23:9-27:75
159            android:name="com.google.android.gms.auth.api.signin.internal.SignInHubActivity"
159-->[com.google.android.gms:play-services-auth:21.3.0] AndroidManifest.xml:24:13-93
160            android:excludeFromRecents="true"
160-->[com.google.android.gms:play-services-auth:21.3.0] AndroidManifest.xml:25:13-46
161            android:exported="false"
161-->[com.google.android.gms:play-services-auth:21.3.0] AndroidManifest.xml:26:13-37
162            android:theme="@android:style/Theme.Translucent.NoTitleBar" />
162-->[com.google.android.gms:play-services-auth:21.3.0] AndroidManifest.xml:27:13-72
163        <!--
164            Service handling Google Sign-In user revocation. For apps that do not integrate with
165            Google Sign-In, this service will never be started.
166        -->
167        <service
167-->[com.google.android.gms:play-services-auth:21.3.0] AndroidManifest.xml:33:9-37:51
168            android:name="com.google.android.gms.auth.api.signin.RevocationBoundService"
168-->[com.google.android.gms:play-services-auth:21.3.0] AndroidManifest.xml:34:13-89
169            android:exported="true"
169-->[com.google.android.gms:play-services-auth:21.3.0] AndroidManifest.xml:35:13-36
170            android:permission="com.google.android.gms.auth.api.signin.permission.REVOCATION_NOTIFICATION"
170-->[com.google.android.gms:play-services-auth:21.3.0] AndroidManifest.xml:36:13-107
171            android:visibleToInstantApps="true" />
171-->[com.google.android.gms:play-services-auth:21.3.0] AndroidManifest.xml:37:13-48
172
173        <provider
173-->[com.squareup.picasso:picasso:2.8] AndroidManifest.xml:8:9-11:40
174            android:name="com.squareup.picasso.PicassoProvider"
174-->[com.squareup.picasso:picasso:2.8] AndroidManifest.xml:9:13-64
175            android:authorities="com.example.houserent.com.squareup.picasso"
175-->[com.squareup.picasso:picasso:2.8] AndroidManifest.xml:10:13-72
176            android:exported="false" />
176-->[com.squareup.picasso:picasso:2.8] AndroidManifest.xml:11:13-37
177        <provider
177-->[com.google.firebase:firebase-common:21.0.0] AndroidManifest.xml:23:9-28:39
178            android:name="com.google.firebase.provider.FirebaseInitProvider"
178-->[com.google.firebase:firebase-common:21.0.0] AndroidManifest.xml:24:13-77
179            android:authorities="com.example.houserent.firebaseinitprovider"
179-->[com.google.firebase:firebase-common:21.0.0] AndroidManifest.xml:25:13-72
180            android:directBootAware="true"
180-->[com.google.firebase:firebase-common:21.0.0] AndroidManifest.xml:26:13-43
181            android:exported="false"
181-->[com.google.firebase:firebase-common:21.0.0] AndroidManifest.xml:27:13-37
182            android:initOrder="100" />
182-->[com.google.firebase:firebase-common:21.0.0] AndroidManifest.xml:28:13-36
183
184        <activity
184-->[com.google.android.gms:play-services-base:18.5.0] AndroidManifest.xml:5:9-173
185            android:name="com.google.android.gms.common.api.GoogleApiActivity"
185-->[com.google.android.gms:play-services-base:18.5.0] AndroidManifest.xml:5:19-85
186            android:exported="false"
186-->[com.google.android.gms:play-services-base:18.5.0] AndroidManifest.xml:5:146-170
187            android:theme="@android:style/Theme.Translucent.NoTitleBar" />
187-->[com.google.android.gms:play-services-base:18.5.0] AndroidManifest.xml:5:86-145
188
189        <provider
189-->[androidx.emoji2:emoji2:1.3.0] AndroidManifest.xml:24:9-32:20
190            android:name="androidx.startup.InitializationProvider"
190-->[androidx.emoji2:emoji2:1.3.0] AndroidManifest.xml:25:13-67
191            android:authorities="com.example.houserent.androidx-startup"
191-->[androidx.emoji2:emoji2:1.3.0] AndroidManifest.xml:26:13-68
192            android:exported="false" >
192-->[androidx.emoji2:emoji2:1.3.0] AndroidManifest.xml:27:13-37
193            <meta-data
193-->[androidx.emoji2:emoji2:1.3.0] AndroidManifest.xml:29:13-31:52
194                android:name="androidx.emoji2.text.EmojiCompatInitializer"
194-->[androidx.emoji2:emoji2:1.3.0] AndroidManifest.xml:30:17-75
195                android:value="androidx.startup" />
195-->[androidx.emoji2:emoji2:1.3.0] AndroidManifest.xml:31:17-49
196            <meta-data
196-->[androidx.lifecycle:lifecycle-process:2.6.2] AndroidManifest.xml:29:13-31:52
197                android:name="androidx.lifecycle.ProcessLifecycleInitializer"
197-->[androidx.lifecycle:lifecycle-process:2.6.2] AndroidManifest.xml:30:17-78
198                android:value="androidx.startup" />
198-->[androidx.lifecycle:lifecycle-process:2.6.2] AndroidManifest.xml:31:17-49
199            <meta-data
199-->[androidx.profileinstaller:profileinstaller:1.3.1] AndroidManifest.xml:29:13-31:52
200                android:name="androidx.profileinstaller.ProfileInstallerInitializer"
200-->[androidx.profileinstaller:profileinstaller:1.3.1] AndroidManifest.xml:30:17-85
201                android:value="androidx.startup" />
201-->[androidx.profileinstaller:profileinstaller:1.3.1] AndroidManifest.xml:31:17-49
202        </provider>
203
204        <meta-data
204-->[com.google.android.gms:play-services-basement:18.4.0] AndroidManifest.xml:6:9-122
205            android:name="com.google.android.gms.version"
205-->[com.google.android.gms:play-services-basement:18.4.0] AndroidManifest.xml:6:20-65
206            android:value="@integer/google_play_services_version" />
206-->[com.google.android.gms:play-services-basement:18.4.0] AndroidManifest.xml:6:66-119
207
208        <receiver
208-->[androidx.profileinstaller:profileinstaller:1.3.1] AndroidManifest.xml:34:9-52:20
209            android:name="androidx.profileinstaller.ProfileInstallReceiver"
209-->[androidx.profileinstaller:profileinstaller:1.3.1] AndroidManifest.xml:35:13-76
210            android:directBootAware="false"
210-->[androidx.profileinstaller:profileinstaller:1.3.1] AndroidManifest.xml:36:13-44
211            android:enabled="true"
211-->[androidx.profileinstaller:profileinstaller:1.3.1] AndroidManifest.xml:37:13-35
212            android:exported="true"
212-->[androidx.profileinstaller:profileinstaller:1.3.1] AndroidManifest.xml:38:13-36
213            android:permission="android.permission.DUMP" >
213-->[androidx.profileinstaller:profileinstaller:1.3.1] AndroidManifest.xml:39:13-57
214            <intent-filter>
214-->[androidx.profileinstaller:profileinstaller:1.3.1] AndroidManifest.xml:40:13-42:29
215                <action android:name="androidx.profileinstaller.action.INSTALL_PROFILE" />
215-->[androidx.profileinstaller:profileinstaller:1.3.1] AndroidManifest.xml:41:17-91
215-->[androidx.profileinstaller:profileinstaller:1.3.1] AndroidManifest.xml:41:25-88
216            </intent-filter>
217            <intent-filter>
217-->[androidx.profileinstaller:profileinstaller:1.3.1] AndroidManifest.xml:43:13-45:29
218                <action android:name="androidx.profileinstaller.action.SKIP_FILE" />
218-->[androidx.profileinstaller:profileinstaller:1.3.1] AndroidManifest.xml:44:17-85
218-->[androidx.profileinstaller:profileinstaller:1.3.1] AndroidManifest.xml:44:25-82
219            </intent-filter>
220            <intent-filter>
220-->[androidx.profileinstaller:profileinstaller:1.3.1] AndroidManifest.xml:46:13-48:29
221                <action android:name="androidx.profileinstaller.action.SAVE_PROFILE" />
221-->[androidx.profileinstaller:profileinstaller:1.3.1] AndroidManifest.xml:47:17-88
221-->[androidx.profileinstaller:profileinstaller:1.3.1] AndroidManifest.xml:47:25-85
222            </intent-filter>
223            <intent-filter>
223-->[androidx.profileinstaller:profileinstaller:1.3.1] AndroidManifest.xml:49:13-51:29
224                <action android:name="androidx.profileinstaller.action.BENCHMARK_OPERATION" />
224-->[androidx.profileinstaller:profileinstaller:1.3.1] AndroidManifest.xml:50:17-95
224-->[androidx.profileinstaller:profileinstaller:1.3.1] AndroidManifest.xml:50:25-92
225            </intent-filter>
226        </receiver> <!-- The activities will be merged into the manifest of the hosting app. -->
227        <activity
227-->[com.google.android.play:core-common:2.0.3] AndroidManifest.xml:14:9-18:65
228            android:name="com.google.android.play.core.common.PlayCoreDialogWrapperActivity"
228-->[com.google.android.play:core-common:2.0.3] AndroidManifest.xml:15:13-93
229            android:exported="false"
229-->[com.google.android.play:core-common:2.0.3] AndroidManifest.xml:16:13-37
230            android:stateNotNeeded="true"
230-->[com.google.android.play:core-common:2.0.3] AndroidManifest.xml:17:13-42
231            android:theme="@style/Theme.PlayCore.Transparent" />
231-->[com.google.android.play:core-common:2.0.3] AndroidManifest.xml:18:13-62
232    </application>
233
234</manifest>